[00:37:26] Log file: C:\Users\georg\Desktop\Belarus_Champ_Tools\logs\app.log
[00:37:30] Starting...
[00:37:30] Checking VIIPER server...
[00:37:30] Waiting for VIIPER (up to 30s)...
[00:37:30] VIIPER server started
[00:37:30] VIIPER API ready on port 3242
[00:37:30] Opening VIIPER session...
[00:37:30] Virtual keyboard ready
[00:37:30] Virtual mouse ready
[00:37:30] Started
[00:37:36] VIIPER server disconnected — stopping tools
[00:37:36] Stopping...
[00:37:36] Clicker stopped — click Start before launching the game
[00:37:41] Starting...
[00:37:41] Checking VIIPER server...
[00:37:41] Waiting for VIIPER (up to 30s)...
[00:37:41] VIIPER server started
[00:37:41] VIIPER API ready on port 3242
[00:37:41] Opening VIIPER session...
[00:37:41] Virtual keyboard ready
[00:37:41] Virtual mouse ready
[00:37:41] Started
[00:37:44] Stopping...
[00:37:44] [viiper] 2026-07-03T00:37:44.499338+03:00 ERROR api stream handler error path=bus/1/1 error=read header: read tcp 127.0.0.1:3242->127.0.0.1:55479: wsarecv: An existing connection was forcibly closed by the remote host.
[00:37:44] Clicker stopped — click Start before launching the game
[00:37:47] Starting...
[00:37:47] Checking VIIPER server...
[00:37:47] VIIPER already running
[00:37:47] Opening VIIPER session...
[00:37:47] Virtual keyboard ready
[00:37:47] Virtual mouse ready
[00:37:47] Started
[00:37:55] Stopping...
[00:37:55] [viiper] 2026-07-03T00:37:55.633957+03:00 ERROR api stream handler error path=bus/1/1 error=read header: read tcp 127.0.0.1:3242->127.0.0.1:55503: wsarecv: An existing connection was forcibly closed by the remote host.
[00:37:55] Clicker stopped — click Start before launching the game
[00:37:58] Starting...
[00:37:58] Checking VIIPER server...
[00:37:58] VIIPER already running
[00:37:58] Opening VIIPER session...
[00:37:58] Virtual keyboard ready
[00:37:58] Virtual mouse ready
[00:37:58] Started
[00:38:56] Stopping...
[00:38:56] [viiper] 2026-07-03T00:38:56.466297+03:00 ERROR api stream handler error path=bus/1/1 error=read header: read tcp 127.0.0.1:3242->127.0.0.1:55524: wsarecv: An existing connection was forcibly closed by the remote host.
[00:38:56] Clicker stopped — click Start before launching the game
[00:39:00] Starting...
[00:39:00] Checking VIIPER server...
[00:39:00] VIIPER already running
[00:39:00] Opening VIIPER session...
[00:39:00] Virtual keyboard ready
[00:39:00] Virtual mouse ready
[00:39:00] Started
[00:41:59] Paused (End to resume)
[00:42:02] Resumed
[00:42:04] Paused (End to resume)
[00:42:05] Resumed
