[03:46:47] Log file: C:\Users\georg\Desktop\Experimental_Clicker\logs\clicker.log
[03:46:53] Starting...
[03:46:53] Checking VIIPER server...
[03:46:53] Waiting for VIIPER (up to 30s)...
[03:46:53] VIIPER server started
[03:46:53] VIIPER API ready on port 3242
[03:46:53] Opening VIIPER session...
[03:46:53] Virtual keyboard ready
[03:46:53] Virtual mouse ready
[03:46:53] Started
[03:47:36] Press a potion hotkey to assign (5s timeout)...
[03:47:37] HP potion key: F9
[03:47:37] AutoPot started
[03:47:58] autopot statusui: failed to detect status panel: statusui: parse strip failed: low_glyph_score
[03:47:59] autopot statusui: failed to detect status panel: statusui: parse strip failed: low_glyph_score
[03:47:59] autopot statusui: failed to detect status panel: statusui: parse strip failed: low_glyph_score
[03:47:59] autopot statusui: failed to detect status panel: statusui: parse strip failed: low_glyph_score
[03:47:59] autopot statusui: failed to detect status panel: statusui: parse strip failed: low_glyph_score
[03:48:00] autopot statusui: failed to detect status panel: statusui: parse strip failed: low_glyph_score
[03:48:00] autopot statusui: failed to detect status panel: statusui: parse strip failed: low_glyph_score
[03:48:00] autopot statusui: failed to detect status panel: statusui: parse strip failed: low_glyph_score
[03:48:26] autopot statusui: failed to detect status panel: statusui: panel not found
[03:48:41] autopot statusui: failed to detect status panel: verify: top-right corner uniform (got 25.0, want >= 50.0 stddev) — region lacks the decorative emblem the status panel has
[03:48:55] AutoPot HP threshold: 80%
[03:49:16] AutoPot HP threshold: 50%
[03:50:42] AutoPot HP threshold: 10%
[03:50:53] autopot statusui: failed to detect status panel: statusui: parse strip failed: low_glyph_score
[03:50:53] autopot statusui: failed to detect status panel: statusui: parse strip failed: low_glyph_score
[03:50:53] autopot statusui: failed to detect status panel: statusui: parse strip failed: low_glyph_score
[03:50:53] autopot statusui: failed to detect status panel: statusui: parse strip failed: low_glyph_score
[03:50:54] autopot statusui: failed to detect status panel: statusui: parse strip failed: low_glyph_score
[03:50:54] autopot statusui: failed to detect status panel: statusui: parse strip failed: low_glyph_score
[03:50:54] autopot statusui: failed to detect status panel: statusui: parse strip failed: low_glyph_score
[03:50:54] autopot statusui: failed to detect status panel: statusui: parse strip failed: low_glyph_score
[03:50:55] autopot statusui: failed to detect status panel: statusui: parse strip failed: low_glyph_score
[03:50:55] autopot statusui: failed to detect status panel: statusui: parse strip failed: low_glyph_score
[03:50:55] autopot statusui: failed to detect status panel: statusui: parse strip failed: low_glyph_score
[03:50:55] autopot statusui: failed to detect status panel: statusui: parse strip failed: low_glyph_score
[03:50:56] autopot statusui: failed to detect status panel: statusui: parse strip failed: low_glyph_score
[03:50:56] autopot statusui: failed to detect status panel: statusui: parse strip failed: low_glyph_score
[03:50:56] autopot statusui: failed to detect status panel: statusui: parse strip failed: low_glyph_score
[03:50:56] autopot statusui: failed to detect status panel: statusui: parse strip failed: low_glyph_score
[03:50:57] autopot statusui: failed to detect status panel: statusui: parse strip failed: low_glyph_score
[03:50:57] autopot statusui: failed to detect status panel: statusui: parse strip failed: low_glyph_score
[03:50:57] autopot statusui: failed to detect status panel: statusui: parse strip failed: low_glyph_score
[03:50:57] autopot statusui: failed to detect status panel: statusui: parse strip failed: low_glyph_score
[03:50:58] autopot statusui: failed to detect status panel: statusui: parse strip failed: low_glyph_score
[03:50:58] autopot statusui: failed to detect status panel: statusui: parse strip failed: low_glyph_score
[03:50:58] autopot statusui: failed to detect status panel: statusui: parse strip failed: low_glyph_score
[03:50:58] autopot statusui: failed to detect status panel: statusui: parse strip failed: low_glyph_score
[03:50:59] autopot statusui: failed to detect status panel: statusui: parse strip failed: low_glyph_score
[03:50:59] autopot statusui: failed to detect status panel: statusui: parse strip failed: low_glyph_score
[03:50:59] autopot statusui: failed to detect status panel: statusui: parse strip failed: low_glyph_score
[03:51:00] autopot statusui: failed to detect status panel: statusui: parse strip failed: low_glyph_score
[03:51:00] autopot statusui: failed to detect status panel: statusui: parse strip failed: low_glyph_score
[03:51:00] autopot statusui: failed to detect status panel: statusui: parse strip failed: low_glyph_score
[03:51:00] autopot statusui: failed to detect status panel: statusui: parse strip failed: low_glyph_score
[03:51:01] autopot statusui: failed to detect status panel: statusui: parse strip failed: low_glyph_score
[03:51:01] autopot statusui: failed to detect status panel: statusui: parse strip failed: low_glyph_score
[03:51:01] autopot statusui: failed to detect status panel: statusui: parse strip failed: low_glyph_score
[03:51:01] autopot statusui: failed to detect status panel: statusui: parse strip failed: low_glyph_score
[03:51:02] autopot statusui: failed to detect status panel: statusui: parse strip failed: low_glyph_score
[03:51:02] autopot statusui: failed to detect status panel: statusui: parse strip failed: low_glyph_score
[03:51:02] autopot statusui: failed to detect status panel: statusui: parse strip failed: low_glyph_score
[03:51:02] autopot statusui: failed to detect status panel: statusui: parse strip failed: low_glyph_score
[03:51:03] autopot statusui: failed to detect status panel: statusui: parse strip failed: low_glyph_score
[03:51:03] autopot statusui: failed to detect status panel: statusui: parse strip failed: low_glyph_score
[03:51:03] autopot statusui: failed to detect status panel: statusui: parse strip failed: low_glyph_score
[03:51:03] autopot statusui: failed to detect status panel: statusui: parse strip failed: low_glyph_score
[03:51:04] autopot statusui: failed to detect status panel: statusui: parse strip failed: low_glyph_score
[03:51:04] autopot statusui: failed to detect status panel: statusui: parse strip failed: low_glyph_score
[03:51:04] autopot statusui: failed to detect status panel: statusui: parse strip failed: low_glyph_score
[03:51:04] autopot statusui: failed to detect status panel: statusui: parse strip failed: low_glyph_score
[03:51:05] autopot statusui: failed to detect status panel: statusui: parse strip failed: low_glyph_score
[03:51:05] autopot statusui: failed to detect status panel: statusui: parse strip failed: low_glyph_score
[03:51:05] autopot statusui: failed to detect status panel: statusui: parse strip failed: low_glyph_score
[03:51:05] autopot statusui: failed to detect status panel: statusui: parse strip failed: low_glyph_score
[03:51:06] autopot statusui: failed to detect status panel: statusui: parse strip failed: low_glyph_score
[03:51:06] autopot statusui: failed to detect status panel: statusui: parse strip failed: low_glyph_score
[03:51:06] autopot statusui: failed to detect status panel: statusui: parse strip failed: low_glyph_score
[03:51:06] autopot statusui: failed to detect status panel: statusui: parse strip failed: low_glyph_score
[03:51:07] autopot statusui: failed to detect status panel: statusui: parse strip failed: low_glyph_score
[03:51:07] autopot statusui: failed to detect status panel: statusui: parse strip failed: low_glyph_score
[03:51:07] autopot statusui: failed to detect status panel: statusui: parse strip failed: low_glyph_score
[03:51:07] autopot statusui: failed to detect status panel: statusui: parse strip failed: low_glyph_score
[03:51:08] autopot statusui: failed to detect status panel: statusui: parse strip failed: low_glyph_score
[03:51:08] autopot statusui: failed to detect status panel: statusui: parse strip failed: low_glyph_score
[03:51:08] autopot statusui: failed to detect status panel: statusui: parse strip failed: low_glyph_score
[03:51:09] autopot statusui: failed to detect status panel: statusui: parse strip failed: low_glyph_score
[03:51:09] autopot statusui: failed to detect status panel: statusui: parse strip failed: low_glyph_score
[03:51:09] autopot statusui: failed to detect status panel: statusui: parse strip failed: low_glyph_score
[03:51:09] autopot statusui: failed to detect status panel: statusui: parse strip failed: low_glyph_score
[03:51:10] autopot statusui: failed to detect status panel: statusui: parse strip failed: low_glyph_score
[03:51:10] autopot statusui: failed to detect status panel: statusui: parse strip failed: low_glyph_score
[03:51:10] autopot statusui: failed to detect status panel: statusui: parse strip failed: low_glyph_score
[03:51:11] autopot statusui: failed to detect status panel: statusui: parse strip failed: low_glyph_score
[03:51:11] autopot statusui: failed to detect status panel: statusui: parse strip failed: low_glyph_score
[03:51:11] autopot statusui: failed to detect status panel: statusui: parse strip failed: low_glyph_score
[03:51:11] autopot: statusui unavailable, falling back to pixel-bar: status panel detection failed 10 times
[03:51:45] Stopping...
[03:51:45] [viiper] 2026-07-02T03:51:45.348527+03:00 ERROR api stream handler error path=bus/1/1 error=read header: read tcp 127.0.0.1:3242->127.0.0.1:57074: wsarecv: An existing connection was forcibly closed by the remote host.
[03:51:45] Clicker stopped — click Start before launching the game
[13:48:19] Log file: C:\Users\georg\Desktop\Experimental_Clicker\logs\clicker.log
[13:48:22] Starting...
[13:48:22] Checking VIIPER server...
[13:48:22] Waiting for VIIPER (up to 30s)...
[13:48:22] VIIPER server started
[13:48:22] VIIPER API ready on port 3242
[13:48:23] Opening VIIPER session...
[13:48:23] Virtual keyboard ready
[13:48:23] Virtual mouse ready
[13:48:23] Started
[13:49:00] Press a key to add for With mouse click (5s timeout)...
[13:49:00] With mouse click added key E
[13:49:00] Press a key to add for With mouse click (5s timeout)...
[13:49:00] Key E is already bound to With mouse click
[13:49:00] Press a key to add for With mouse click (5s timeout)...
[13:49:01] Key E is already bound to With mouse click
[13:49:23] Press a potion hotkey to assign (5s timeout)...
[13:49:24] HP potion key: F9
[13:49:24] AutoPot started
[13:49:24] autopot: statusui issue, switching to pixel-bar: statusui: parse strip failed: low_glyph_score
[13:49:25] Press a potion hotkey to assign (5s timeout)...
[13:49:25] SP potion key: F8
[13:50:07] Stopping...
[13:50:07] [viiper] 2026-07-02T13:50:07.756503+03:00 ERROR api stream handler error path=bus/1/1 error=read header: read tcp 127.0.0.1:3242->127.0.0.1:52632: wsarecv: An existing connection was forcibly closed by the remote host.
[13:50:08] Clicker stopped — click Start before launching the game
[14:19:25] Log file: C:\Users\georg\Desktop\Experimental_Clicker\logs\clicker.log
[14:19:34] Starting...
[14:19:34] Checking VIIPER server...
[14:19:34] Waiting for VIIPER (up to 30s)...
[14:19:34] VIIPER server started
[14:19:34] VIIPER API ready on port 3242
[14:19:34] Opening VIIPER session...
[14:19:34] Virtual keyboard ready
[14:19:34] Virtual mouse ready
[14:19:34] Started
[14:19:38] Press a potion hotkey to assign (5s timeout)...
[14:19:39] HP potion key: F9
[14:19:39] AutoPot started
[14:19:39] autopot statusui: status panel found
[14:19:39] Press a potion hotkey to assign (5s timeout)...
[14:19:40] SP potion key: F8
[14:19:59] autopot: statusui issue, switching to pixel-bar: statusui: parse strip failed: no_components
[14:20:29] autopot: statusui recovered, switching back
[14:21:02] Stopping...
[14:21:02] [viiper] 2026-07-02T14:21:02.940823+03:00 ERROR api stream handler error path=bus/1/1 error=read header: read tcp 127.0.0.1:3242->127.0.0.1:52802: wsarecv: An existing connection was forcibly closed by the remote host.
[14:21:03] Clicker stopped — click Start before launching the game
[14:39:38] Log file: C:\Users\georg\Desktop\Experimental_Clicker\logs\clicker.log
[14:39:40] Starting...
[14:39:40] Checking VIIPER server...
[14:39:40] Waiting for VIIPER (up to 30s)...
[14:39:40] VIIPER server started
[14:39:40] VIIPER API ready on port 3242
[14:39:40] Opening VIIPER session...
[14:39:40] Virtual keyboard ready
[14:39:40] Virtual mouse ready
[14:39:40] Started
[14:40:17] Press a potion hotkey to assign (5s timeout)...
[14:40:18] HP potion key: F9
[14:40:18] AutoPot started
[14:40:18] autopot statusui: status panel found
[14:40:19] Press a potion hotkey to assign (5s timeout)...
[14:40:20] SP potion key: F8
[14:41:37] autopot statusui: status panel lost, searching...
[14:41:37] autopot: statusui issue, switching to pixel-bar: verify: top-right corner uniform (got 0.0, want >= 50.0 stddev) — region lacks the decorative emblem the status panel has
[14:42:07] autopot statusui: status panel found
[14:42:07] autopot: statusui recovered, switching back
[14:42:57] autopot: statusui issue, switching to pixel-bar: statusui: parse strip failed: low_glyph_score
[14:43:27] autopot: statusui recovered, switching back
[14:44:53] autopot: statusui issue, switching to pixel-bar: statusui: parse strip failed: low_glyph_score
[14:45:23] autopot: statusui recovered, switching back
[14:45:35] autopot: statusui issue, switching to pixel-bar: statusui: parse strip failed: low_glyph_score
[14:46:05] autopot: statusui recovered, switching back
[14:46:15] autopot: statusui issue, switching to pixel-bar: statusui: parse strip failed: low_glyph_score
[14:46:45] autopot: statusui recovered, switching back
[14:48:06] autopot: statusui issue, switching to pixel-bar: statusui: parse strip failed: low_glyph_score
[14:48:57] autopot statusui: status panel lost, searching...
[14:49:06] autopot statusui: status panel found
[14:49:06] autopot: statusui recovered, switching back
[14:51:20] autopot: statusui issue, switching to pixel-bar: statusui: parse strip failed: low_glyph_score
[14:51:50] autopot: statusui recovered, switching back
[14:58:18] autopot: statusui issue, switching to pixel-bar: statusui: parse strip failed: low_glyph_score
[14:58:48] autopot: statusui recovered, switching back
[15:00:31] autopot: statusui issue, switching to pixel-bar: statusui: parse strip failed: low_glyph_score
[15:01:01] autopot: statusui recovered, switching back
[15:02:01] autopot: statusui issue, switching to pixel-bar: statusui: parse strip failed: low_glyph_score
[15:02:31] autopot: statusui recovered, switching back
[15:04:50] Stopping...
[15:04:50] [viiper] 2026-07-02T15:04:50.914079+03:00 ERROR api stream handler error path=bus/1/1 error=read header: read tcp 127.0.0.1:3242->127.0.0.1:52910: wsarecv: An existing connection was forcibly closed by the remote host.
[15:04:51] Clicker stopped — click Start before launching the game
[15:39:41] Log file: C:\Users\georg\Desktop\Experimental_Clicker\logs\clicker.log
[15:39:42] Starting...
[15:39:42] Checking VIIPER server...
[15:39:42] Waiting for VIIPER (up to 30s)...
[15:39:42] VIIPER server started
[15:39:42] VIIPER API ready on port 3242
[15:39:43] Opening VIIPER session...
[15:39:43] Virtual keyboard ready
[15:39:43] Virtual mouse ready
[15:39:43] Started
[15:40:29] Press a key to add for With mouse click (5s timeout)...
[15:40:29] With mouse click added key E
[15:40:29] Press a key to add for With mouse click (5s timeout)...
[15:40:30] Key E is already bound to With mouse click
[15:41:38] With mouse click delay: 1 ms
[15:42:07] With mouse click delay: 10 ms
[15:42:19] Press a key for timer 1 (5s timeout)...
[15:42:19] Timer 1 key: S
[15:42:19] Timer keys started
[15:42:54] Press a potion hotkey to assign (5s timeout)...
[15:42:54] HP potion key: F9
[15:42:54] AutoPot started
[15:42:54] autopot statusui: status panel found
[15:42:59] autopot statusui: status panel lost, searching...
[15:42:59] autopot statusui: status panel found
[15:43:39] autopot statusui: status panel lost, searching...
[15:43:39] autopot: statusui issue, switching to pixel-bar: statusui: panel not found
[15:43:44] autopot statusui: status panel found
[15:43:44] autopot: statusui recovered, switching back
[15:44:58] AutoPot HP threshold: 80%
[15:45:07] autopot statusui: status panel lost, searching...
[15:45:07] autopot: statusui issue, switching to pixel-bar: statusui: parse strip failed: low_glyph_score
[15:45:41] autopot statusui: status panel found
[15:45:41] autopot: statusui recovered, switching back
[15:45:52] Stopping...
[15:45:52] [viiper] 2026-07-02T15:45:52.482127+03:00 ERROR api stream handler error path=bus/1/1 error=read header: read tcp 127.0.0.1:3242->127.0.0.1:53122: wsarecv: An existing connection was forcibly closed by the remote host.
[15:45:52] Clicker stopped — click Start before launching the game
[16:04:10] Log file: C:\Users\georg\Desktop\Experimental_Clicker\logs\clicker.log
[16:04:12] Starting...
[16:04:12] Checking VIIPER server...
[16:04:12] Waiting for VIIPER (up to 30s)...
[16:04:12] VIIPER server started
[16:04:12] VIIPER API ready on port 3242
[16:04:12] Opening VIIPER session...
[16:04:12] Virtual keyboard ready
[16:04:12] Virtual mouse ready
[16:04:12] Started
[16:05:07] AutoPot HP threshold: 80%
[16:05:08] Press a potion hotkey to assign (5s timeout)...
[16:05:09] HP potion key: F9
[16:05:09] AutoPot started
[16:05:09] autopot statusui: status panel found
[16:05:30] autopot statusui: status panel lost, searching...
[16:05:30] autopot: statusui issue, switching to pixel-bar: verify: top-right corner uniform (got 0.0, want >= 50.0 stddev) — region lacks the decorative emblem the status panel has
[16:05:40] autopot statusui: status panel found
[16:05:40] autopot: statusui recovered, switching back
[16:06:08] autopot statusui: status panel lost, searching...
[16:06:08] autopot: statusui issue, switching to pixel-bar: statusui: parse strip failed: low_glyph_score
[16:06:30] autopot statusui: status panel found
[16:06:31] autopot: statusui recovered, switching back
[16:06:37] autopot statusui: status panel lost, searching...
[16:06:37] autopot: statusui issue, switching to pixel-bar: verify: top-right corner uniform (got 0.0, want >= 50.0 stddev) — region lacks the decorative emblem the status panel has
[16:06:39] Stopping...
[16:06:39] [viiper] 2026-07-02T16:06:39.280053+03:00 ERROR api stream handler error path=bus/1/1 error=read header: read tcp 127.0.0.1:3242->127.0.0.1:53268: wsarecv: An existing connection was forcibly closed by the remote host.
[16:06:39] Clicker stopped — click Start before launching the game
[16:45:05] Log file: C:\Users\georg\Desktop\Experimental_Clicker\logs\clicker.log
[16:45:10] Starting...
[16:45:10] Checking VIIPER server...
[16:45:10] Waiting for VIIPER (up to 30s)...
[16:45:10] VIIPER server started
[16:45:10] VIIPER API ready on port 3242
[16:45:11] Opening VIIPER session...
[16:45:11] Virtual keyboard ready
[16:45:11] Virtual mouse ready
[16:45:11] Started
[16:45:33] Press a potion hotkey to assign (5s timeout)...
[16:45:34] HP potion key: F9
[16:45:34] AutoPot started
[16:45:34] autopot statusui: status panel found
[16:46:08] autopot statusui: status panel lost, searching...
[16:46:08] autopot: statusui issue, switching to pixel-bar: statusui: panel not found
[16:46:08] autopot: pixel read failed: pixel bars not found (ROI 860,740 200x40)
[16:46:38] autopot statusui: status panel found
[16:46:39] autopot: statusui recovered, switching back
[16:46:40] autopot statusui: status panel lost, searching...
[16:46:40] autopot: statusui issue, switching to pixel-bar: verify: top-right corner uniform (got 0.0, want >= 50.0 stddev) — region lacks the decorative emblem the status panel has
[16:47:30] Log file: C:\Users\georg\Desktop\Experimental_Clicker\logs\clicker.log
[16:47:32] Starting...
[16:47:32] Checking VIIPER server...
[16:47:32] Waiting for VIIPER (up to 30s)...
[16:47:32] VIIPER server started
[16:47:32] VIIPER API ready on port 3242
[16:47:32] Opening VIIPER session...
[16:47:32] Virtual keyboard ready
[16:47:32] Virtual mouse ready
[16:47:32] Started
[16:47:51] With mouse click keys cleared
[16:47:58] Press a potion hotkey to assign (5s timeout)...
[16:47:59] HP potion key: F9
[16:47:59] AutoPot started
[16:47:59] autopot statusui: status panel found
[16:48:22] autopot statusui: status panel lost, searching...
[16:48:22] autopot: statusui issue, switching to pixel-bar: statusui: parse strip failed: low_glyph_score
[16:48:22] autopot: pixel read failed: pixel bars not found (ROI 860,740 200x40)
[16:48:47] Stopping...
[16:48:47] [viiper] 2026-07-02T16:48:47.405431+03:00 ERROR api stream handler error path=bus/1/1 error=read header: read tcp 127.0.0.1:3242->127.0.0.1:53526: wsarecv: An existing connection was forcibly closed by the remote host.
[16:48:47] Clicker stopped — click Start before launching the game
[17:14:25] Log file: C:\Users\georg\Desktop\Experimental_Clicker\logs\clicker.log
[17:14:26] Starting...
[17:14:26] Checking VIIPER server...
[17:14:26] Waiting for VIIPER (up to 30s)...
[17:14:26] VIIPER server started
[17:14:26] VIIPER API ready on port 3242
[17:14:26] Opening VIIPER session...
[17:14:26] Virtual keyboard ready
[17:14:26] Virtual mouse ready
[17:14:26] Started
[17:15:03] AutoPot HP threshold: 80%
[17:15:03] Press a potion hotkey to assign (5s timeout)...
[17:15:04] HP potion key: F9
[17:15:05] AutoPot started
[17:15:05] autopot: statusui issue, switching to pixel-bar: statusui: parse strip failed: low_glyph_score
[17:15:05] autopot: pixel read failed: pixel bars not found (ROI 860,740 200x40)
[17:50:44] autopot statusui: status panel found
[17:50:44] autopot: statusui recovered, switching back
[17:51:16] autopot statusui: status panel lost, searching...
[17:51:16] autopot: statusui issue, switching to pixel-bar: statusui: panel not found
[17:51:17] autopot: pixel read failed: pixel bars not found (ROI 860,740 200x40)
[17:51:17] autopot: pixel read failed: pixel bars not found (ROI 860,740 200x40)
[17:51:18] autopot: pixel read failed: pixel bars not found (ROI 860,740 200x40)
[17:51:20] autopot: pixel read failed: pixel bars not found (ROI 860,740 200x40)
[17:51:30] autopot statusui: status panel found
[17:51:30] autopot: statusui recovered, switching back
[17:52:03] autopot statusui: status panel lost, searching...
[17:52:03] autopot: statusui issue, switching to pixel-bar: verify: top-right corner uniform (got 5.5, want >= 50.0 stddev) — region lacks the decorative emblem the status panel has
[17:52:04] autopot: pixel read failed: pixel bars not found (ROI 860,740 200x40)
[17:52:12] autopot: pixel read failed: pixel bars not found (ROI 860,740 200x40)
[17:52:24] Stopping...
[17:52:24] [viiper] 2026-07-02T17:52:24.379112+03:00 ERROR api stream handler error path=bus/1/1 error=read header: read tcp 127.0.0.1:3242->127.0.0.1:53660: wsarecv: An existing connection was forcibly closed by the remote host.
[17:52:24] Clicker stopped — click Start before launching the game
[18:11:38] Log file: C:\Users\georg\Desktop\Experimental_Clicker\logs\clicker.log
[18:11:40] Starting...
[18:11:40] Checking VIIPER server...
[18:11:40] Waiting for VIIPER (up to 30s)...
[18:11:40] VIIPER server started
[18:11:40] VIIPER API ready on port 3242
[18:11:40] Opening VIIPER session...
[18:11:40] Virtual keyboard ready
[18:11:40] Virtual mouse ready
[18:11:40] Started
[18:12:05] Press a potion hotkey to assign (5s timeout)...
[18:12:07] HP potion key: F9
[18:12:07] AutoPot started
[18:12:07] pixel: HP=100% rect(36,46 8x3) status=1 SP=12% rect(36,50 8x3) status=2 mapped block(36,46 8x7) score=940 img=110x60 roi 905,525 110x60
[18:12:09] pixel: HP=100% rect(25,37 60x3) status=1 SP=100% rect(25,41 60x3) status=1 mapped block(25,37 60x7) score=1456 img=110x60 roi 905,525 110x60
[18:12:10] autopot: pixel read failed: pixel bars not found (ROI 905,525 110x60)
[18:12:11] pixel: HP=100% rect(31,46 8x3) status=1 SP=0% rect(31,50 8x3) status=0 mapped block(31,46 8x7) score=925 img=110x60 roi 905,525 110x60
[18:12:11] autopot: pixel read failed: pixel bars not found (ROI 905,525 110x60)
[18:12:13] pixel: HP=100% rect(25,29 60x3) status=1 SP=100% rect(25,33 60x3) status=1 mapped block(25,29 60x7) score=1428 img=110x60 roi 905,525 110x60
[18:12:15] autopot: pixel read failed: pixel bars not found (ROI 905,525 110x60)
[18:12:15] pixel: HP=100% rect(25,29 60x3) status=1 SP=100% rect(25,33 60x3) status=1 mapped block(25,29 60x7) score=1428 img=110x60 roi 905,525 110x60
[18:12:17] pixel: HP=100% rect(25,29 60x3) status=1 SP=100% rect(25,33 60x3) status=1 mapped block(25,29 60x7) score=1428 img=110x60 roi 905,525 110x60
[18:12:19] pixel: HP=100% rect(25,29 60x3) status=1 SP=100% rect(25,33 60x3) status=1 mapped block(25,29 60x7) score=1428 img=110x60 roi 905,525 110x60
[18:12:21] pixel: HP=100% rect(25,29 60x3) status=1 SP=100% rect(25,33 60x3) status=1 mapped block(25,29 60x7) score=1428 img=110x60 roi 905,525 110x60
[18:12:23] pixel: HP=100% rect(24,23 60x3) status=1 SP=100% rect(24,27 60x3) status=1 mapped block(24,23 60x7) score=1371 img=110x60 roi 905,525 110x60
[18:12:24] autopot: pixel read failed: pixel bars not found (ROI 905,525 110x60)
[18:12:25] pixel: HP=100% rect(24,28 60x3) status=1 SP=100% rect(24,32 60x3) status=1 mapped block(24,28 60x7) score=1411 img=110x60 roi 905,525 110x60
[18:12:27] pixel: HP=95% rect(24,28 60x3) status=2 SP=100% rect(24,32 60x3) status=1 mapped block(24,28 60x7) score=1402 img=110x60 roi 905,525 110x60
[18:12:29] pixel: HP=95% rect(24,28 60x3) status=2 SP=100% rect(24,32 60x3) status=1 mapped block(24,28 60x7) score=1402 img=110x60 roi 905,525 110x60
[18:12:31] pixel: HP=91% rect(24,28 60x3) status=2 SP=100% rect(24,32 60x3) status=1 mapped block(24,28 60x7) score=1396 img=110x60 roi 905,525 110x60
[18:12:33] pixel: HP=90% rect(24,28 60x3) status=2 SP=100% rect(24,32 60x3) status=1 mapped block(24,28 60x7) score=1390 img=110x60 roi 905,525 110x60
[18:12:35] pixel: HP=90% rect(24,28 60x3) status=2 SP=100% rect(24,32 60x3) status=1 mapped block(24,28 60x7) score=1390 img=110x60 roi 905,525 110x60
[18:12:37] pixel: HP=88% rect(24,28 60x3) status=2 SP=100% rect(24,32 60x3) status=1 mapped block(24,28 60x7) score=1387 img=110x60 roi 905,525 110x60
[18:12:37] AutoPot HP threshold: 80%
[18:12:39] pixel: HP=86% rect(40,40 60x3) status=2 SP=100% rect(40,44 60x3) status=1 mapped block(40,40 60x7) score=1384 img=110x60 roi 905,525 110x60
[18:12:41] pixel: HP=0% rect(45,32 65x3) status=0 SP=100% rect(45,36 65x3) status=1 mapped block(45,32 65x7) score=1374 img=110x60 roi 905,525 110x60
[18:12:43] pixel: HP=0% rect(25,29 61x3) status=0 SP=100% rect(25,33 61x3) status=1 mapped block(25,29 61x7) score=1386 img=110x60 roi 905,525 110x60
[18:12:45] pixel: HP=88% rect(25,29 60x3) status=2 SP=100% rect(25,33 60x3) status=1 mapped block(25,29 60x7) score=1398 img=110x60 roi 905,525 110x60
[18:12:47] pixel: HP=83% rect(25,29 61x3) status=2 SP=100% rect(25,33 61x3) status=1 mapped block(25,29 61x7) score=1395 img=110x60 roi 905,525 110x60
[18:12:49] pixel: HP=80% rect(25,29 61x3) status=2 SP=100% rect(25,33 61x3) status=1 mapped block(25,29 61x7) score=1386 img=110x60 roi 905,525 110x60
[18:12:51] pixel: HP=83% rect(25,29 61x3) status=2 SP=95% rect(25,33 61x3) status=2 mapped block(25,29 61x7) score=1395 img=110x60 roi 905,525 110x60
[18:12:53] pixel: HP=90% rect(25,29 60x3) status=2 SP=93% rect(25,33 60x3) status=2 mapped block(25,29 60x7) score=1393 img=110x60 roi 905,525 110x60
[18:12:55] pixel: HP=90% rect(25,29 60x3) status=2 SP=93% rect(25,33 60x3) status=2 mapped block(25,29 60x7) score=1393 img=110x60 roi 905,525 110x60
[18:12:57] pixel: HP=0% rect(45,11 60x3) status=0 SP=97% rect(45,15 60x3) status=2 mapped block(45,11 60x7) score=1239 img=110x60 roi 905,525 110x60
[18:12:59] pixel: HP=0% rect(5,11 60x3) status=0 SP=87% rect(5,15 60x3) status=2 mapped block(5,11 60x7) score=1233 img=110x60 roi 905,525 110x60
[18:13:01] pixel: HP=0% rect(25,29 60x3) status=0 SP=95% rect(25,33 60x3) status=2 mapped block(25,29 60x7) score=1392 img=110x60 roi 905,525 110x60
[18:13:03] pixel: HP=0% rect(25,29 83x3) status=0 SP=92% rect(25,33 83x3) status=2 mapped block(25,29 83x7) score=1378 img=110x60 roi 905,525 110x60
[18:13:05] pixel: HP=0% rect(25,29 83x3) status=0 SP=93% rect(25,33 83x3) status=2 mapped block(25,29 83x7) score=1360 img=110x60 roi 905,525 110x60
[18:13:07] pixel: HP=0% rect(25,29 78x3) status=0 SP=93% rect(25,33 78x3) status=2 mapped block(25,29 78x7) score=1345 img=110x60 roi 905,525 110x60
[18:13:08] autopot: pixel read failed: pixel bars not found (ROI 905,525 110x60)
[18:13:09] pixel: HP=0% rect(25,29 83x3) status=0 SP=93% rect(25,33 83x3) status=2 mapped block(25,29 83x7) score=1309 img=110x60 roi 905,525 110x60
[18:13:11] pixel: HP=0% rect(25,29 83x3) status=0 SP=93% rect(25,33 83x3) status=2 mapped block(25,29 83x7) score=1288 img=110x60 roi 905,525 110x60
[18:13:13] autopot: pixel read failed: pixel bars not found (ROI 905,525 110x60)
[18:13:13] pixel: HP=0% rect(25,27 70x3) status=0 SP=0% rect(25,31 70x3) status=0 mapped block(25,27 70x7) score=1265 img=110x60 roi 905,525 110x60
[18:13:13] autopot: pixel read failed: pixel bars not found (ROI 905,525 110x60)
[18:13:15] pixel: HP=0% rect(25,29 78x3) status=0 SP=0% rect(25,33 78x3) status=0 mapped block(25,29 78x7) score=1272 img=110x60 roi 905,525 110x60
[18:13:15] autopot: pixel read failed: pixel bars not found (ROI 905,525 110x60)
[18:13:17] pixel: HP=0% rect(25,27 70x3) status=0 SP=0% rect(25,31 70x3) status=0 mapped block(25,27 70x7) score=1250 img=110x60 roi 905,525 110x60
[18:13:17] autopot: pixel read failed: pixel bars not found (ROI 905,525 110x60)
[18:13:19] pixel: HP=0% rect(25,27 70x3) status=0 SP=0% rect(25,31 70x3) status=0 mapped block(25,27 70x7) score=1241 img=110x60 roi 905,525 110x60
[18:13:21] pixel: HP=100% rect(79,47 21x3) status=1 SP=0% rect(79,51 21x3) status=0 mapped block(79,47 21x7) score=919 img=110x60 roi 905,525 110x60
[18:13:21] autopot: pixel read failed: pixel bars not found (ROI 905,525 110x60)
[18:13:23] autopot: pixel read failed: pixel bars not found (ROI 905,525 110x60)
[18:13:23] pixel: HP=0% rect(25,29 61x3) status=0 SP=100% rect(25,33 61x3) status=1 mapped block(25,29 61x7) score=1236 img=110x60 roi 905,525 110x60
[18:13:25] pixel: HP=0% rect(25,29 61x3) status=0 SP=100% rect(25,33 61x3) status=1 mapped block(25,29 61x7) score=1236 img=110x60 roi 905,525 110x60
[18:13:27] pixel: HP=0% rect(25,29 61x3) status=0 SP=100% rect(25,33 61x3) status=1 mapped block(25,29 61x7) score=1236 img=110x60 roi 905,525 110x60
[18:13:29] pixel: HP=0% rect(25,29 61x3) status=0 SP=100% rect(25,33 61x3) status=1 mapped block(25,29 61x7) score=1236 img=110x60 roi 905,525 110x60
[18:13:31] pixel: HP=0% rect(25,29 61x3) status=0 SP=100% rect(25,33 61x3) status=1 mapped block(25,29 61x7) score=1236 img=110x60 roi 905,525 110x60
[18:13:33] pixel: HP=0% rect(25,29 61x3) status=0 SP=100% rect(25,33 61x3) status=1 mapped block(25,29 61x7) score=1236 img=110x60 roi 905,525 110x60
[18:13:34] autopot: pixel read failed: pixel bars not found (ROI 905,525 110x60)
[18:13:35] pixel: HP=0% rect(34,35 60x3) status=0 SP=100% rect(34,39 60x3) status=1 mapped block(34,35 60x7) score=1299 img=110x60 roi 905,525 110x60
[18:13:37] pixel: HP=0% rect(25,29 60x3) status=0 SP=100% rect(25,33 60x3) status=1 mapped block(25,29 60x7) score=1236 img=110x60 roi 905,525 110x60
[18:13:39] pixel: HP=0% rect(47,16 11x3) status=0 SP=0% rect(47,20 11x3) status=0 mapped block(47,16 11x7) score=884 img=110x60 roi 905,525 110x60
[18:13:40] autopot: pixel read failed: pixel bars not found (ROI 905,525 110x60)
[18:13:41] pixel: HP=0% rect(24,26 60x3) status=0 SP=100% rect(24,30 60x3) status=1 mapped block(24,26 60x7) score=1209 img=110x60 roi 905,525 110x60
[18:13:43] pixel: HP=0% rect(24,28 60x3) status=0 SP=100% rect(24,32 60x3) status=1 mapped block(24,28 60x7) score=1225 img=110x60 roi 905,525 110x60
[18:13:44] autopot: pixel read failed: pixel bars not found (ROI 905,525 110x60)
[18:13:45] pixel: bars not found img=110x60 roi 905,525 110x60
[18:13:46] Stopping...
[18:13:46] [viiper] 2026-07-02T18:13:46.692867+03:00 ERROR api stream handler error path=bus/1/1 error=read header: read tcp 127.0.0.1:3242->127.0.0.1:53823: wsarecv: An existing connection was forcibly closed by the remote host.
[18:13:47] Clicker stopped — click Start before launching the game
[20:23:54] Log file: C:\Users\georg\Desktop\Experimental_Clicker\logs\clicker.log
[20:23:55] Starting...
[20:23:55] Checking VIIPER server...
[20:23:55] Waiting for VIIPER (up to 30s)...
[20:23:55] VIIPER server started
[20:23:55] VIIPER API ready on port 3242
[20:23:56] Opening VIIPER session...
[20:23:56] Virtual keyboard ready
[20:23:56] Virtual mouse ready
[20:23:56] Started
[20:24:27] Press a potion hotkey to assign (5s timeout)...
[20:24:29] HP potion key: F9
[20:24:29] AutoPot started
[20:24:29] pixel: bars not found img=110x60 roi 905,525 110x60
[20:24:29] autopot: pixel read failed: pixel bars not found (ROI 905,525 110x60)
[20:24:31] pixel: HP=13% rect(25,29 61x3) status=3 SP=100% rect(25,33 61x3) status=1 mapped block(25,29 61x7) score=1330 img=110x60 roi 905,525 110x60
[20:24:32] autopot: pixel read failed: pixel bars not found (ROI 905,525 110x60)
[20:24:33] pixel: HP=45% rect(25,28 74x3) status=3 SP=100% rect(25,32 74x3) status=1 mapped block(25,28 74x7) score=1440 img=110x60 roi 905,525 110x60
[20:24:35] autopot: pixel read failed: pixel bars not found (ROI 905,525 110x60)
[20:24:35] pixel: bars not found img=110x60 roi 905,525 110x60
[20:24:37] autopot: pixel read failed: pixel bars not found (ROI 905,525 110x60)
[20:24:37] pixel: bars not found img=110x60 roi 905,525 110x60
[20:24:37] autopot: pixel read failed: pixel bars not found (ROI 905,525 110x60)
[20:24:39] pixel: HP=0% rect(25,29 61x3) status=0 SP=100% rect(25,33 61x3) status=1 mapped block(25,29 61x7) score=1471 img=110x60 roi 905,525 110x60
[20:24:41] pixel: HP=0% rect(25,29 61x3) status=0 SP=100% rect(25,33 61x3) status=1 mapped block(25,29 61x7) score=1471 img=110x60 roi 905,525 110x60
[20:24:43] pixel: HP=0% rect(25,29 61x3) status=0 SP=100% rect(25,33 61x3) status=1 mapped block(25,29 61x7) score=1471 img=110x60 roi 905,525 110x60
[20:24:45] pixel: HP=0% rect(30,33 60x3) status=0 SP=100% rect(30,37 60x3) status=1 mapped block(30,33 60x7) score=1502 img=110x60 roi 905,525 110x60
[20:24:47] pixel: HP=0% rect(25,29 60x3) status=0 SP=100% rect(25,33 60x3) status=1 mapped block(25,29 60x7) score=1471 img=110x60 roi 905,525 110x60
[20:24:49] pixel: HP=0% rect(42,14 60x3) status=0 SP=87% rect(42,18 60x3) status=2 mapped block(42,14 60x7) score=1472 img=110x60 roi 905,525 110x60
[20:24:51] pixel: HP=94% rect(21,24 64x3) status=2 SP=2% rect(21,28 64x3) status=3 mapped block(21,24 64x7) score=1478 img=110x60 roi 905,525 110x60
[20:24:53] autopot: pixel read failed: pixel bars not found (ROI 905,525 110x60)
[20:24:53] pixel: HP=0% rect(0,44 42x3) status=0 SP=0% rect(0,48 42x3) status=0 mapped block(0,44 42x7) score=1199 img=110x60 roi 905,525 110x60
[20:24:55] pixel: HP=64% rect(25,29 60x3) status=2 SP=100% rect(25,33 60x3) status=1 mapped block(25,29 60x7) score=1463 img=110x60 roi 905,525 110x60
[20:24:57] pixel: HP=45% rect(25,29 60x3) status=3 SP=100% rect(25,33 60x3) status=1 mapped block(25,29 60x7) score=1410 img=110x60 roi 905,525 110x60
[20:24:59] pixel: HP=45% rect(25,29 60x3) status=3 SP=93% rect(25,33 60x3) status=2 mapped block(25,29 60x7) score=1406 img=110x60 roi 905,525 110x60
[20:25:01] pixel: HP=50% rect(25,29 60x3) status=2 SP=93% rect(25,33 60x3) status=2 mapped block(25,29 60x7) score=1421 img=110x60 roi 905,525 110x60
[20:25:03] pixel: HP=48% rect(25,29 60x3) status=3 SP=100% rect(25,33 60x3) status=1 mapped block(25,29 60x7) score=1418 img=110x60 roi 905,525 110x60
[20:25:05] pixel: HP=47% rect(25,29 60x3) status=3 SP=100% rect(25,33 60x3) status=1 mapped block(25,29 60x7) score=1414 img=110x60 roi 905,525 110x60
[20:25:07] pixel: HP=52% rect(25,29 60x3) status=2 SP=95% rect(25,33 60x3) status=2 mapped block(25,29 60x7) score=1429 img=110x60 roi 905,525 110x60
[20:25:09] pixel: HP=55% rect(25,29 60x3) status=2 SP=93% rect(25,33 60x3) status=2 mapped block(25,29 60x7) score=1433 img=110x60 roi 905,525 110x60
[20:25:11] pixel: HP=50% rect(25,29 60x3) status=2 SP=0% rect(25,33 60x3) status=0 mapped block(25,29 60x7) score=1421 img=110x60 roi 905,525 110x60
[20:25:13] pixel: HP=50% rect(25,29 60x3) status=2 SP=0% rect(25,33 60x3) status=0 mapped block(25,29 60x7) score=1421 img=110x60 roi 905,525 110x60
[20:25:15] pixel: HP=55% rect(25,29 60x3) status=2 SP=0% rect(25,33 60x3) status=0 mapped block(25,29 60x7) score=1433 img=110x60 roi 905,525 110x60
[20:25:17] pixel: HP=53% rect(25,29 61x3) status=2 SP=0% rect(25,33 61x3) status=0 mapped block(25,29 61x7) score=1433 img=110x60 roi 905,525 110x60
[20:25:19] pixel: HP=53% rect(25,29 61x3) status=2 SP=0% rect(25,33 61x3) status=0 mapped block(25,29 61x7) score=1437 img=110x60 roi 905,525 110x60
[20:25:20] autopot: pixel read failed: pixel bars not found (ROI 905,525 110x60)
[20:25:21] pixel: bars not found img=110x60 roi 905,525 110x60
[20:25:21] Stopping...
[20:25:21] [viiper] 2026-07-02T20:25:21.813778+03:00 ERROR api stream handler error path=bus/1/1 error=read header: read tcp 127.0.0.1:3242->127.0.0.1:54297: wsarecv: An existing connection was forcibly closed by the remote host.
[20:25:22] Clicker stopped — click Start before launching the game
